#
# There is insufficient memory for the Java Runtime Environment to continue.
# Native memory allocation (malloc) failed to allocate 1122592 bytes for Chunk::new
# Possible reasons:
#   The system is out of physical RAM or swap space
#   The process is running with CompressedOops enabled, and the Java Heap may be blocking the growth of the native heap
# Possible solutions:
#   Reduce memory load on the system
#   Increase physical memory or swap space
#   Check if swap backing store is full
#   Decrease Java heap size (-Xmx/-Xms)
#   Decrease number of Java threads
#   Decrease Java thread stack sizes (-Xss)
#   Set larger code cache with -XX:ReservedCodeCacheSize=
#   JVM is running with Unscaled Compressed Oops mode in which the Java heap is
#     placed in the first 4GB address space. The Java Heap base address is the
#     maximum limit for the native heap growth. Please use -XX:HeapBaseMinAddress
#     to set the Java Heap base and to place the Java Heap above 4GB virtual address.
# This output file may be truncated or incomplete.
#
#  Out of Memory Error (./open/src/hotspot/share/memory/arena.cpp:195), pid=8428, tid=9572
#
# JRE version: OpenJDK Runtime Environment (15.0.2+7) (build 15.0.2+7-27)
# Java VM: OpenJDK 64-Bit Server VM (15.0.2+7-27, mixed mode, tiered, compressed oops, g1 gc, windows-amd64)
# No core dump will be written. Minidumps are not enabled by default on client versions of Windows
#

---------------  S U M M A R Y ------------

Command Line: --module-path=E:\Education\OOLTheory\javafx-sdk-16\lib --add-modules=javafx.controls,javafx.fxml,javafx.base,javafx.swing -Dfile.encoding=Cp1252 -XX:+ShowCodeDetailsInExceptionMessages hust.soict.globalict.aims.screen.CartScreen

Host: Intel(R) Core(TM) i5-8265U CPU @ 1.60GHz, 8 cores, 7G,  Windows 10 , 64 bit Build 19041 (10.0.19041.928)
Time: Sat May 15 23:37:28 2021 SE Asia Standard Time elapsed time: 0.713272 seconds (0d 0h 0m 0s)

---------------  T H R E A D  ---------------

Current thread (0x00000266c849c210):  JavaThread "C2 CompilerThread2" daemon [_thread_in_native, id=9572, stack(0x00000076f6f00000,0x00000076f7000000)]


Current CompileTask:
C2:    713  303       4       java.util.stream.ReferencePipeline$3$1::accept (23 bytes)

Stack: [0x00000076f6f00000,0x00000076f7000000]
Native frames: (J=compiled Java code, j=interpreted, Vv=VM code, C=native code)
V  [jvm.dll+0x62ae9a]
V  [jvm.dll+0x7817a9]
V  [jvm.dll+0x782f03]
V  [jvm.dll+0x783563]
V  [jvm.dll+0x216325]
V  [jvm.dll+0x97f3a]
V  [jvm.dll+0x9861c]
V  [jvm.dll+0x32e305]
V  [jvm.dll+0x18e1ba]
V  [jvm.dll+0x1ea822]
V  [jvm.dll+0x1e996e]
V  [jvm.dll+0x178567]
V  [jvm.dll+0x1f9225]
V  [jvm.dll+0x1f72cc]
V  [jvm.dll+0x74495d]
V  [jvm.dll+0x73d75a]
V  [jvm.dll+0x629c56]
C  [ucrtbase.dll+0x21bb2]
C  [KERNEL32.DLL+0x17034]
C  [ntdll.dll+0x52651]


---------------  P R O C E S S  ---------------

Threads class SMR info:
_java_thread_list=0x00000266c88cd630, length=13, elements={
0x00000266ad7df7b0, 0x00000266c7a20030, 0x00000266c7a23160, 0x00000266c827a940,
0x00000266c7a28760, 0x00000266c7a2a150, 0x00000266c8233b30, 0x00000266c82349d0,
0x00000266c8239f70, 0x00000266c83b41b0, 0x00000266c849b950, 0x00000266c849c210,
0x00000266c89b4840
}

Java Threads: ( => current thread )
  0x00000266ad7df7b0 JavaThread "main" [_thread_in_vm, id=17872, stack(0x00000076f5e00000,0x00000076f5f00000)]
  0x00000266c7a20030 JavaThread "Reference Handler" daemon [_thread_blocked, id=9992, stack(0x00000076f6500000,0x00000076f6600000)]
  0x00000266c7a23160 JavaThread "Finalizer" daemon [_thread_blocked, id=10552, stack(0x00000076f6600000,0x00000076f6700000)]
  0x00000266c827a940 JavaThread "Signal Dispatcher" daemon [_thread_blocked, id=9740, stack(0x00000076f6700000,0x00000076f6800000)]
  0x00000266c7a28760 JavaThread "Attach Listener" daemon [_thread_blocked, id=17108, stack(0x00000076f6800000,0x00000076f6900000)]
  0x00000266c7a2a150 JavaThread "Service Thread" daemon [_thread_blocked, id=7780, stack(0x00000076f6900000,0x00000076f6a00000)]
  0x00000266c8233b30 JavaThread "C2 CompilerThread0" daemon [_thread_blocked, id=5152, stack(0x00000076f6a00000,0x00000076f6b00000)]
  0x00000266c82349d0 JavaThread "C1 CompilerThread0" daemon [_thread_blocked, id=4836, stack(0x00000076f6b00000,0x00000076f6c00000)]
  0x00000266c8239f70 JavaThread "Sweeper thread" daemon [_thread_blocked, id=7976, stack(0x00000076f6c00000,0x00000076f6d00000)]
  0x00000266c83b41b0 JavaThread "Common-Cleaner" daemon [_thread_blocked, id=4856, stack(0x00000076f6d00000,0x00000076f6e00000)]
  0x00000266c849b950 JavaThread "C2 CompilerThread1" daemon [_thread_blocked, id=13752, stack(0x00000076f6e00000,0x00000076f6f00000)]
=>0x00000266c849c210 JavaThread "C2 CompilerThread2" daemon [_thread_in_native, id=9572, stack(0x00000076f6f00000,0x00000076f7000000)]
  0x00000266c89b4840 JavaThread "Notification Thread" daemon [_thread_blocked, id=9244, stack(0x00000076f7000000,0x00000076f7100000)]

Other Threads:
  0x00000266c7a095f0 VMThread "VM Thread" [stack: 0x00000076f6400000,0x00000076f6500000] [id=17272]
  0x00000266ad7e0960 WatcherThread [stack: 0x00000076f7100000,0x00000076f7200000] [id=14976]
  0x00000266ad820590 GCTaskThread "GC Thread#0" [stack: 0x00000076f5f00000,0x00000076f6000000] [id=13300]
  0x00000266ad832a50 ConcurrentGCThread "G1 Main Marker" [stack: 0x00000076f6000000,0x00000076f6100000] [id=15620]
  0x00000266ad8336c0 ConcurrentGCThread "G1 Conc#0" [stack: 0x00000076f6100000,0x00000076f6200000] [id=2300]
  0x00000266ad8bbaa0 ConcurrentGCThread "G1 Refine#0" [stack: 0x00000076f6200000,0x00000076f6300000] [id=1840]
  0x00000266ad8bd5d0 ConcurrentGCThread "G1 Young RemSet Sampling" [stack: 0x00000076f6300000,0x00000076f6400000] [id=8724]

Threads with active compile tasks:
C2 CompilerThread2      740  303       4       java.util.stream.ReferencePipeline$3$1::accept (23 bytes)

VM state: not at safepoint (normal execution)

VM Mutex/Monitor currently owned by a thread: None

Heap address: 0x0000000082e00000, size: 2002 MB, Compressed Oops mode: 32-bit
CDS disabled.
Compressed class space mapped at: 0x0000000100000000-0x0000000140000000, size: 1073741824
Narrow klass base: 0x0000000000000000, Narrow klass shift: 3, Narrow klass range: 0x140000000

GC Precious Log:
 CPUs: 8 total, 8 available
 Memory: 8006M
 Large Page Support: Disabled
 NUMA Support: Disabled
 Compressed Oops: Enabled (32-bit)
 Heap Region Size: 1M
 Heap Min Capacity: 8M
 Heap Initial Capacity: 126M
 Heap Max Capacity: 2002M
 Pre-touch: Disabled
 Parallel Workers: 8
 Concurrent Workers: 2
 Concurrent Refinement Workers: 8
 Periodic GC: Disabled

Heap:
 garbage-first heap   total 129024K, used 8192K [0x0000000082e00000, 0x0000000100000000)
  region size 1024K, 10 young (10240K), 0 survivors (0K)
 Metaspace       used 10429K, capacity 10520K, committed 10752K, reserved 1058816K
  class space    used 922K, capacity 966K, committed 1024K, reserved 1048576K

Heap Regions: E=young(eden), S=young(survivor), O=old, HS=humongous(starts), HC=humongous(continues), CS=collection set, F=free, OA=open archive, CA=closed archive, TAMS=top-at-mark-start (previous, next)
|   0|0x0000000082e00000, 0x0000000082e00000, 0x0000000082f00000|  0%| F|  |TAMS 0x0000000082e00000, 0x0000000082e00000| Untracked 
|   1|0x0000000082f00000, 0x0000000082f00000, 0x0000000083000000|  0%| F|  |TAMS 0x0000000082f00000, 0x0000000082f00000| Untracked 
|   2|0x0000000083000000, 0x0000000083000000, 0x0000000083100000|  0%| F|  |TAMS 0x0000000083000000, 0x0000000083000000| Untracked 
|   3|0x0000000083100000, 0x0000000083100000, 0x0000000083200000|  0%| F|  |TAMS 0x0000000083100000, 0x0000000083100000| Untracked 
|   4|0x0000000083200000, 0x0000000083200000, 0x0000000083300000|  0%| F|  |TAMS 0x0000000083200000, 0x0000000083200000| Untracked 
|   5|0x0000000083300000, 0x0000000083300000, 0x0000000083400000|  0%| F|  |TAMS 0x0000000083300000, 0x0000000083300000| Untracked 
|   6|0x0000000083400000, 0x0000000083400000, 0x0000000083500000|  0%| F|  |TAMS 0x0000000083400000, 0x0000000083400000| Untracked 
|   7|0x0000000083500000, 0x0000000083500000, 0x0000000083600000|  0%| F|  |TAMS 0x0000000083500000, 0x0000000083500000| Untracked 
|   8|0x0000000083600000, 0x0000000083600000, 0x0000000083700000|  0%| F|  |TAMS 0x0000000083600000, 0x0000000083600000| Untracked 
|   9|0x0000000083700000, 0x0000000083700000, 0x0000000083800000|  0%| F|  |TAMS 0x0000000083700000, 0x0000000083700000| Untracked 
|  10|0x0000000083800000, 0x0000000083800000, 0x0000000083900000|  0%| F|  |TAMS 0x0000000083800000, 0x0000000083800000| Untracked 
|  11|0x0000000083900000, 0x0000000083900000, 0x0000000083a00000|  0%| F|  |TAMS 0x0000000083900000, 0x0000000083900000| Untracked 
|  12|0x0000000083a00000, 0x0000000083a00000, 0x0000000083b00000|  0%| F|  |TAMS 0x0000000083a00000, 0x0000000083a00000| Untracked 
|  13|0x0000000083b00000, 0x0000000083b00000, 0x0000000083c00000|  0%| F|  |TAMS 0x0000000083b00000, 0x0000000083b00000| Untracked 
|  14|0x0000000083c00000, 0x0000000083c00000, 0x0000000083d00000|  0%| F|  |TAMS 0x0000000083c00000, 0x0000000083c00000| Untracked 
|  15|0x0000000083d00000, 0x0000000083d00000, 0x0000000083e00000|  0%| F|  |TAMS 0x0000000083d00000, 0x0000000083d00000| Untracked 
|  16|0x0000000083e00000, 0x0000000083e00000, 0x0000000083f00000|  0%| F|  |TAMS 0x0000000083e00000, 0x0000000083e00000| Untracked 
|  17|0x0000000083f00000, 0x0000000083f00000, 0x0000000084000000|  0%| F|  |TAMS 0x0000000083f00000, 0x0000000083f00000| Untracked 
|  18|0x0000000084000000, 0x0000000084000000, 0x0000000084100000|  0%| F|  |TAMS 0x0000000084000000, 0x0000000084000000| Untracked 
|  19|0x0000000084100000, 0x0000000084100000, 0x0000000084200000|  0%| F|  |TAMS 0x0000000084100000, 0x0000000084100000| Untracked 
|  20|0x0000000084200000, 0x0000000084200000, 0x0000000084300000|  0%| F|  |TAMS 0x0000000084200000, 0x0000000084200000| Untracked 
|  21|0x0000000084300000, 0x0000000084300000, 0x0000000084400000|  0%| F|  |TAMS 0x0000000084300000, 0x0000000084300000| Untracked 
|  22|0x0000000084400000, 0x0000000084400000, 0x0000000084500000|  0%| F|  |TAMS 0x0000000084400000, 0x0000000084400000| Untracked 
|  23|0x0000000084500000, 0x0000000084500000, 0x0000000084600000|  0%| F|  |TAMS 0x0000000084500000, 0x0000000084500000| Untracked 
|  24|0x0000000084600000, 0x0000000084600000, 0x0000000084700000|  0%| F|  |TAMS 0x0000000084600000, 0x0000000084600000| Untracked 
|  25|0x0000000084700000, 0x0000000084700000, 0x0000000084800000|  0%| F|  |TAMS 0x0000000084700000, 0x0000000084700000| Untracked 
|  26|0x0000000084800000, 0x0000000084800000, 0x0000000084900000|  0%| F|  |TAMS 0x0000000084800000, 0x0000000084800000| Untracked 
|  27|0x0000000084900000, 0x0000000084900000, 0x0000000084a00000|  0%| F|  |TAMS 0x0000000084900000, 0x0000000084900000| Untracked 
|  28|0x0000000084a00000, 0x0000000084a00000, 0x0000000084b00000|  0%| F|  |TAMS 0x0000000084a00000, 0x0000000084a00000| Untracked 
|  29|0x0000000084b00000, 0x0000000084b00000, 0x0000000084c00000|  0%| F|  |TAMS 0x0000000084b00000, 0x0000000084b00000| Untracked 
|  30|0x0000000084c00000, 0x0000000084c00000, 0x0000000084d00000|  0%| F|  |TAMS 0x0000000084c00000, 0x0000000084c00000| Untracked 
|  31|0x0000000084d00000, 0x0000000084d00000, 0x0000000084e00000|  0%| F|  |TAMS 0x0000000084d00000, 0x0000000084d00000| Untracked 
|  32|0x0000000084e00000, 0x0000000084e00000, 0x0000000084f00000|  0%| F|  |TAMS 0x0000000084e00000, 0x0000000084e00000| Untracked 
|  33|0x0000000084f00000, 0x0000000084f00000, 0x0000000085000000|  0%| F|  |TAMS 0x0000000084f00000, 0x0000000084f00000| Untracked 
|  34|0x0000000085000000, 0x0000000085000000, 0x0000000085100000|  0%| F|  |TAMS 0x0000000085000000, 0x0000000085000000| Untracked 
|  35|0x0000000085100000, 0x0000000085100000, 0x0000000085200000|  0%| F|  |TAMS 0x0000000085100000, 0x0000000085100000| Untracked 
|  36|0x0000000085200000, 0x0000000085200000, 0x0000000085300000|  0%| F|  |TAMS 0x0000000085200000, 0x0000000085200000| Untracked 
|  37|0x0000000085300000, 0x0000000085300000, 0x0000000085400000|  0%| F|  |TAMS 0x0000000085300000, 0x0000000085300000| Untracked 
|  38|0x0000000085400000, 0x0000000085400000, 0x0000000085500000|  0%| F|  |TAMS 0x0000000085400000, 0x0000000085400000| Untracked 
|  39|0x0000000085500000, 0x0000000085500000, 0x0000000085600000|  0%| F|  |TAMS 0x0000000085500000, 0x0000000085500000| Untracked 
|  40|0x0000000085600000, 0x0000000085600000, 0x0000000085700000|  0%| F|  |TAMS 0x0000000085600000, 0x0000000085600000| Untracked 
|  41|0x0000000085700000, 0x0000000085700000, 0x0000000085800000|  0%| F|  |TAMS 0x0000000085700000, 0x0000000085700000| Untracked 
|  42|0x0000000085800000, 0x0000000085800000, 0x0000000085900000|  0%| F|  |TAMS 0x0000000085800000, 0x0000000085800000| Untracked 
|  43|0x0000000085900000, 0x0000000085900000, 0x0000000085a00000|  0%| F|  |TAMS 0x0000000085900000, 0x0000000085900000| Untracked 
|  44|0x0000000085a00000, 0x0000000085a00000, 0x0000000085b00000|  0%| F|  |TAMS 0x0000000085a00000, 0x0000000085a00000| Untracked 
|  45|0x0000000085b00000, 0x0000000085b00000, 0x0000000085c00000|  0%| F|  |TAMS 0x0000000085b00000, 0x0000000085b00000| Untracked 
|  46|0x0000000085c00000, 0x0000000085c00000, 0x0000000085d00000|  0%| F|  |TAMS 0x0000000085c00000, 0x0000000085c00000| Untracked 
|  47|0x0000000085d00000, 0x0000000085d00000, 0x0000000085e00000|  0%| F|  |TAMS 0x0000000085d00000, 0x0000000085d00000| Untracked 
|  48|0x0000000085e00000, 0x0000000085e00000, 0x0000000085f00000|  0%| F|  |TAMS 0x0000000085e00000, 0x0000000085e00000| Untracked 
|  49|0x0000000085f00000, 0x0000000085f00000, 0x0000000086000000|  0%| F|  |TAMS 0x0000000085f00000, 0x0000000085f00000| Untracked 
|  50|0x0000000086000000, 0x0000000086000000, 0x0000000086100000|  0%| F|  |TAMS 0x0000000086000000, 0x0000000086000000| Untracked 
|  51|0x0000000086100000, 0x0000000086100000, 0x0000000086200000|  0%| F|  |TAMS 0x0000000086100000, 0x0000000086100000| Untracked 
|  52|0x0000000086200000, 0x0000000086200000, 0x0000000086300000|  0%| F|  |TAMS 0x0000000086200000, 0x0000000086200000| Untracked 
|  53|0x0000000086300000, 0x0000000086300000, 0x0000000086400000|  0%| F|  |TAMS 0x0000000086300000, 0x0000000086300000| Untracked 
|  54|0x0000000086400000, 0x0000000086400000, 0x0000000086500000|  0%| F|  |TAMS 0x0000000086400000, 0x0000000086400000| Untracked 
|  55|0x0000000086500000, 0x0000000086500000, 0x0000000086600000|  0%| F|  |TAMS 0x0000000086500000, 0x0000000086500000| Untracked 
|  56|0x0000000086600000, 0x0000000086600000, 0x0000000086700000|  0%| F|  |TAMS 0x0000000086600000, 0x0000000086600000| Untracked 
|  57|0x0000000086700000, 0x0000000086700000, 0x0000000086800000|  0%| F|  |TAMS 0x0000000086700000, 0x0000000086700000| Untracked 
|  58|0x0000000086800000, 0x0000000086800000, 0x0000000086900000|  0%| F|  |TAMS 0x0000000086800000, 0x0000000086800000| Untracked 
|  59|0x0000000086900000, 0x0000000086900000, 0x0000000086a00000|  0%| F|  |TAMS 0x0000000086900000, 0x0000000086900000| Untracked 
|  60|0x0000000086a00000, 0x0000000086a00000, 0x0000000086b00000|  0%| F|  |TAMS 0x0000000086a00000, 0x0000000086a00000| Untracked 
|  61|0x0000000086b00000, 0x0000000086b00000, 0x0000000086c00000|  0%| F|  |TAMS 0x0000000086b00000, 0x0000000086b00000| Untracked 
|  62|0x0000000086c00000, 0x0000000086c00000, 0x0000000086d00000|  0%| F|  |TAMS 0x0000000086c00000, 0x0000000086c00000| Untracked 
|  63|0x0000000086d00000, 0x0000000086d00000, 0x0000000086e00000|  0%| F|  |TAMS 0x0000000086d00000, 0x0000000086d00000| Untracked 
|  64|0x0000000086e00000, 0x0000000086e00000, 0x0000000086f00000|  0%| F|  |TAMS 0x0000000086e00000, 0x0000000086e00000| Untracked 
|  65|0x0000000086f00000, 0x0000000086f00000, 0x0000000087000000|  0%| F|  |TAMS 0x0000000086f00000, 0x0000000086f00000| Untracked 
|  66|0x0000000087000000, 0x0000000087000000, 0x0000000087100000|  0%| F|  |TAMS 0x0000000087000000, 0x0000000087000000| Untracked 
|  67|0x0000000087100000, 0x0000000087100000, 0x0000000087200000|  0%| F|  |TAMS 0x0000000087100000, 0x0000000087100000| Untracked 
|  68|0x0000000087200000, 0x0000000087200000, 0x0000000087300000|  0%| F|  |TAMS 0x0000000087200000, 0x0000000087200000| Untracked 
|  69|0x0000000087300000, 0x0000000087300000, 0x0000000087400000|  0%| F|  |TAMS 0x0000000087300000, 0x0000000087300000| Untracked 
|  70|0x0000000087400000, 0x0000000087400000, 0x0000000087500000|  0%| F|  |TAMS 0x0000000087400000, 0x0000000087400000| Untracked 
|  71|0x0000000087500000, 0x0000000087500000, 0x0000000087600000|  0%| F|  |TAMS 0x0000000087500000, 0x0000000087500000| Untracked 
|  72|0x0000000087600000, 0x0000000087600000, 0x0000000087700000|  0%| F|  |TAMS 0x0000000087600000, 0x0000000087600000| Untracked 
|  73|0x0000000087700000, 0x0000000087700000, 0x0000000087800000|  0%| F|  |TAMS 0x0000000087700000, 0x0000000087700000| Untracked 
|  74|0x0000000087800000, 0x0000000087800000, 0x0000000087900000|  0%| F|  |TAMS 0x0000000087800000, 0x0000000087800000| Untracked 
|  75|0x0000000087900000, 0x0000000087900000, 0x0000000087a00000|  0%| F|  |TAMS 0x0000000087900000, 0x0000000087900000| Untracked 
|  76|0x0000000087a00000, 0x0000000087a00000, 0x0000000087b00000|  0%| F|  |TAMS 0x0000000087a00000, 0x0000000087a00000| Untracked 
|  77|0x0000000087b00000, 0x0000000087b00000, 0x0000000087c00000|  0%| F|  |TAMS 0x0000000087b00000, 0x0000000087b00000| Untracked 
|  78|0x0000000087c00000, 0x0000000087c00000, 0x0000000087d00000|  0%| F|  |TAMS 0x0000000087c00000, 0x0000000087c00000| Untracked 
|  79|0x0000000087d00000, 0x0000000087d00000, 0x0000000087e00000|  0%| F|  |TAMS 0x0000000087d00000, 0x0000000087d00000| Untracked 
|  80|0x0000000087e00000, 0x0000000087e00000, 0x0000000087f00000|  0%| F|  |TAMS 0x0000000087e00000, 0x0000000087e00000| Untracked 
|  81|0x0000000087f00000, 0x0000000087f00000, 0x0000000088000000|  0%| F|  |TAMS 0x0000000087f00000, 0x0000000087f00000| Untracked 
|  82|0x0000000088000000, 0x0000000088000000, 0x0000000088100000|  0%| F|  |TAMS 0x0000000088000000, 0x0000000088000000| Untracked 
|  83|0x0000000088100000, 0x0000000088100000, 0x0000000088200000|  0%| F|  |TAMS 0x0000000088100000, 0x0000000088100000| Untracked 
|  84|0x0000000088200000, 0x0000000088200000, 0x0000000088300000|  0%| F|  |TAMS 0x0000000088200000, 0x0000000088200000| Untracked 
|  85|0x0000000088300000, 0x0000000088300000, 0x0000000088400000|  0%| F|  |TAMS 0x0000000088300000, 0x0000000088300000| Untracked 
|  86|0x0000000088400000, 0x0000000088400000, 0x0000000088500000|  0%| F|  |TAMS 0x0000000088400000, 0x0000000088400000| Untracked 
|  87|0x0000000088500000, 0x0000000088500000, 0x0000000088600000|  0%| F|  |TAMS 0x0000000088500000, 0x0000000088500000| Untracked 
|  88|0x0000000088600000, 0x0000000088600000, 0x0000000088700000|  0%| F|  |TAMS 0x0000000088600000, 0x0000000088600000| Untracked 
|  89|0x0000000088700000, 0x0000000088700000, 0x0000000088800000|  0%| F|  |TAMS 0x0000000088700000, 0x0000000088700000| Untracked 
|  90|0x0000000088800000, 0x0000000088800000, 0x0000000088900000|  0%| F|  |TAMS 0x0000000088800000, 0x0000000088800000| Untracked 
|  91|0x0000000088900000, 0x0000000088900000, 0x0000000088a00000|  0%| F|  |TAMS 0x0000000088900000, 0x0000000088900000| Untracked 
|  92|0x0000000088a00000, 0x0000000088a00000, 0x0000000088b00000|  0%| F|  |TAMS 0x0000000088a00000, 0x0000000088a00000| Untracked 
|  93|0x0000000088b00000, 0x0000000088b00000, 0x0000000088c00000|  0%| F|  |TAMS 0x0000000088b00000, 0x0000000088b00000| Untracked 
|  94|0x0000000088c00000, 0x0000000088c00000, 0x0000000088d00000|  0%| F|  |TAMS 0x0000000088c00000, 0x0000000088c00000| Untracked 
|  95|0x0000000088d00000, 0x0000000088d00000, 0x0000000088e00000|  0%| F|  |TAMS 0x0000000088d00000, 0x0000000088d00000| Untracked 
|  96|0x0000000088e00000, 0x0000000088e00000, 0x0000000088f00000|  0%| F|  |TAMS 0x0000000088e00000, 0x0000000088e00000| Untracked 
|  97|0x0000000088f00000, 0x0000000088f00000, 0x0000000089000000|  0%| F|  |TAMS 0x0000000088f00000, 0x0000000088f00000| Untracked 
|  98|0x0000000089000000, 0x0000000089000000, 0x0000000089100000|  0%| F|  |TAMS 0x0000000089000000, 0x0000000089000000| Untracked 
|  99|0x0000000089100000, 0x0000000089100000, 0x0000000089200000|  0%| F|  |TAMS 0x0000000089100000, 0x0000000089100000| Untracked 
| 100|0x0000000089200000, 0x0000000089200000, 0x0000000089300000|  0%| F|  |TAMS 0x0000000089200000, 0x0000000089200000| Untracked 
| 101|0x0000000089300000, 0x0000000089300000, 0x0000000089400000|  0%| F|  |TAMS 0x0000000089300000, 0x0000000089300000| Untracked 
| 102|0x0000000089400000, 0x0000000089400000, 0x0000000089500000|  0%| F|  |TAMS 0x0000000089400000, 0x0000000089400000| Untracked 
| 103|0x0000000089500000, 0x0000000089500000, 0x0000000089600000|  0%| F|  |TAMS 0x0000000089500000, 0x0000000089500000| Untracked 
| 104|0x0000000089600000, 0x0000000089600000, 0x0000000089700000|  0%| F|  |TAMS 0x0000000089600000, 0x0000000089600000| Untracked 
| 105|0x0000000089700000, 0x0000000089700000, 0x0000000089800000|  0%| F|  |TAMS 0x0000000089700000, 0x0000000089700000| Untracked 
| 106|0x0000000089800000, 0x0000000089800000, 0x0000000089900000|  0%| F|  |TAMS 0x0000000089800000, 0x0000000089800000| Untracked 
| 107|0x0000000089900000, 0x0000000089900000, 0x0000000089a00000|  0%| F|  |TAMS 0x0000000089900000, 0x0000000089900000| Untracked 
| 108|0x0000000089a00000, 0x0000000089a00000, 0x0000000089b00000|  0%| F|  |TAMS 0x0000000089a00000, 0x0000000089a00000| Untracked 
| 109|0x0000000089b00000, 0x0000000089b00000, 0x0000000089c00000|  0%| F|  |TAMS 0x0000000089b00000, 0x0000000089b00000| Untracked 
| 110|0x0000000089c00000, 0x0000000089c00000, 0x0000000089d00000|  0%| F|  |TAMS 0x0000000089c00000, 0x0000000089c00000| Untracked 
| 111|0x0000000089d00000, 0x0000000089d00000, 0x0000000089e00000|  0%| F|  |TAMS 0x0000000089d00000, 0x0000000089d00000| Untracked 
| 112|0x0000000089e00000, 0x0000000089e00000, 0x0000000089f00000|  0%| F|  |TAMS 0x0000000089e00000, 0x0000000089e00000| Untracked 
| 113|0x0000000089f00000, 0x0000000089f00000, 0x000000008a000000|  0%| F|  |TAMS 0x0000000089f00000, 0x0000000089f00000| Untracked 
| 114|0x000000008a000000, 0x000000008a000000, 0x000000008a100000|  0%| F|  |TAMS 0x000000008a000000, 0x000000008a000000| Untracked 
| 115|0x000000008a100000, 0x000000008a100000, 0x000000008a200000|  0%| F|  |TAMS 0x000000008a100000, 0x000000008a100000| Untracked 
| 116|0x000000008a200000, 0x000000008a276838, 0x000000008a300000| 46%| E|  |TAMS 0x000000008a200000, 0x000000008a200000| Complete 
| 117|0x000000008a300000, 0x000000008a400000, 0x000000008a400000|100%| E|CS|TAMS 0x000000008a300000, 0x000000008a300000| Complete 
| 118|0x000000008a400000, 0x000000008a500000, 0x000000008a500000|100%| E|CS|TAMS 0x000000008a400000, 0x000000008a400000| Complete 
| 119|0x000000008a500000, 0x000000008a600000, 0x000000008a600000|100%| E|  |TAMS 0x000000008a500000, 0x000000008a500000| Complete 
| 120|0x000000008a600000, 0x000000008a700000, 0x000000008a700000|100%| E|CS|TAMS 0x000000008a600000, 0x000000008a600000| Complete 
| 121|0x000000008a700000, 0x000000008a800000, 0x000000008a800000|100%| E|CS|TAMS 0x000000008a700000, 0x000000008a700000| Complete 
| 122|0x000000008a800000, 0x000000008a900000, 0x000000008a900000|100%| E|CS|TAMS 0x000000008a800000, 0x000000008a800000| Complete 
| 123|0x000000008a900000, 0x000000008aa00000, 0x000000008aa00000|100%| E|CS|TAMS 0x000000008a900000, 0x000000008a900000| Complete 
| 124|0x000000008aa00000, 0x000000008ab00000, 0x000000008ab00000|100%| E|CS|TAMS 0x000000008aa00000, 0x000000008aa00000| Complete 
| 125|0x000000008ab00000, 0x000000008ac00000, 0x000000008ac00000|100%| E|CS|TAMS 0x000000008ab00000, 0x000000008ab00000| Complete 

Card table byte_map: [0x00000266c0920000,0x00000266c0d10000] _byte_map_base: 0x00000266c0509000

Marking Bits (Prev, Next): (CMBitMap*) 0x00000266ad821e10, (CMBitMap*) 0x00000266ad821e50
 Prev Bits: [0x00000266c1100000, 0x00000266c3048000)
 Next Bits: [0x00000266c3050000, 0x00000266c4f98000)

Polling page: 0x00000266ab760000

Metaspace:

Usage:
  Non-class:      9.46 MB capacity,     9.41 MB (>99%) used,    34.04 KB ( <1%) free+waste,     9.62 KB ( <1%) overhead. 
      Class:    998.00 KB capacity,   939.56 KB ( 94%) used,    55.19 KB (  6%) free+waste,     3.25 KB ( <1%) overhead. 
       Both:     10.43 MB capacity,    10.33 MB (>99%) used,    89.23 KB ( <1%) free+waste,    12.88 KB ( <1%) overhead. 

Virtual space:
  Non-class space:       10.00 MB reserved,       9.75 MB ( 98%) committed 
      Class space:        1.00 GB reserved,       1.00 MB ( <1%) committed 
             Both:        1.01 GB reserved,      10.75 MB (  1%) committed 

Chunk freelists:
   Non-Class:  46.00 KB
       Class:  26.00 KB
        Both:  72.00 KB

MaxMetaspaceSize: 17179869184.00 GB
CompressedClassSpaceSize: 1.00 GB

CodeHeap 'non-profiled nmethods': size=120000Kb used=253Kb max_used=253Kb free=119746Kb
 bounds [0x00000266b8cd0000, 0x00000266b8f40000, 0x00000266c0200000]
CodeHeap 'profiled nmethods': size=120000Kb used=822Kb max_used=822Kb free=119177Kb
 bounds [0x00000266b17a0000, 0x00000266b1a10000, 0x00000266b8cd0000]
CodeHeap 'non-nmethods': size=5760Kb used=1192Kb max_used=1192Kb free=4567Kb
 bounds [0x00000266b1200000, 0x00000266b1470000, 0x00000266b17a0000]
 total_blobs=1102 nmethods=642 adapters=373
 compilation: enabled
              stopped_count=0, restarted_count=0
 full_count=0

Compilation events (20 events):
Event: 0.691 Thread 0x00000266c82349d0 nmethod 603 0x00000266b1860510 code [0x00000266b18606e0, 0x00000266b1860958]
Event: 0.691 Thread 0x00000266c82349d0  604       3       java.io.RandomAccessFile::readFully (45 bytes)
Event: 0.691 Thread 0x00000266c82349d0 nmethod 604 0x00000266b1860a90 code [0x00000266b1860c60, 0x00000266b1860fb8]
Event: 0.694 Thread 0x00000266c82349d0  605       3       jdk.internal.math.FDBigInteger::mult (64 bytes)
Event: 0.695 Thread 0x00000266c82349d0 nmethod 605 0x00000266b1861190 code [0x00000266b1861340, 0x00000266b18615b8]
Event: 0.695 Thread 0x00000266c82349d0  606       3       jdk.internal.math.FDBigInteger::<init> (30 bytes)
Event: 0.695 Thread 0x00000266c82349d0 nmethod 606 0x00000266b1861790 code [0x00000266b1861940, 0x00000266b1861b48]
Event: 0.695 Thread 0x00000266c82349d0  607       3       jdk.internal.math.FDBigInteger::trimLeadingZeros (57 bytes)
Event: 0.695 Thread 0x00000266c82349d0 nmethod 607 0x00000266b1861c90 code [0x00000266b1861e40, 0x00000266b1862138]
Event: 0.695 Thread 0x00000266c82349d0  608       3       sun.nio.cs.SingleByte$Encoder::encode (32 bytes)
Event: 0.695 Thread 0x00000266c82349d0 nmethod 608 0x00000266b1862290 code [0x00000266b1862440, 0x00000266b18625f8]
Event: 0.696 Thread 0x00000266c82349d0  609       3       java.util.regex.Pattern::has (15 bytes)
Event: 0.696 Thread 0x00000266c82349d0 nmethod 609 0x00000266b1862710 code [0x00000266b18628a0, 0x00000266b18629f8]
Event: 0.703 Thread 0x00000266c82349d0  610       3       java.lang.invoke.MethodType::toMethodDescriptorString (28 bytes)
Event: 0.704 Thread 0x00000266c82349d0 nmethod 610 0x00000266b1862a90 code [0x00000266b1862c40, 0x00000266b1862e28]
Event: 0.704 Thread 0x00000266c82349d0  611       3       java.util.stream.ReferencePipeline::<init> (7 bytes)
Event: 0.704 Thread 0x00000266c82349d0 nmethod 611 0x00000266b1862f10 code [0x00000266b18630c0, 0x00000266b18631e8]
Event: 0.704 Thread 0x00000266c82349d0  612       3       java.util.stream.AbstractPipeline::<init> (91 bytes)
Event: 0.704 Thread 0x00000266c82349d0 nmethod 612 0x00000266b1863290 code [0x00000266b1863480, 0x00000266b1863af8]
Event: 0.705 Thread 0x00000266c82349d0  613       3       java.lang.invoke.TypeConvertingMethodAdapter::descriptorToName (36 bytes)

GC Heap History (0 events):
No events

Deoptimization events (20 events):
Event: 0.420 Thread 0x00000266ad7df7b0 Uncommon trap: trap_request=0xffffff45 fr.pc=0x00000266b8ce8858 relative=0x0000000000000c58
Event: 0.420 Thread 0x00000266ad7df7b0 Uncommon trap: reason=unstable_if action=reinterpret pc=0x00000266b8ce8858 method=java.util.HashMap.putVal(ILjava/lang/Object;Ljava/lang/Object;ZZ)Ljava/lang/Object; @ 81 c2
Event: 0.420 Thread 0x00000266ad7df7b0 DEOPT PACKING pc=0x00000266b8ce8858 sp=0x00000076f5efe340
Event: 0.420 Thread 0x00000266ad7df7b0 DEOPT UNPACKING pc=0x00000266b124e42f sp=0x00000076f5efe320 mode 2
Event: 0.427 Thread 0x00000266ad7df7b0 Uncommon trap: trap_request=0xffffff45 fr.pc=0x00000266b8ce5d84 relative=0x0000000000000644
Event: 0.427 Thread 0x00000266ad7df7b0 Uncommon trap: reason=unstable_if action=reinterpret pc=0x00000266b8ce5d84 method=java.util.ImmutableCollections$SetN.probe(Ljava/lang/Object;)I @ 34 c2
Event: 0.427 Thread 0x00000266ad7df7b0 DEOPT PACKING pc=0x00000266b8ce5d84 sp=0x00000076f5efe9c0
Event: 0.427 Thread 0x00000266ad7df7b0 DEOPT UNPACKING pc=0x00000266b124e42f sp=0x00000076f5efe960 mode 2
Event: 0.441 Thread 0x00000266ad7df7b0 Uncommon trap: trap_request=0xffffff45 fr.pc=0x00000266b8cf1994 relative=0x0000000000000654
Event: 0.442 Thread 0x00000266ad7df7b0 Uncommon trap: reason=unstable_if action=reinterpret pc=0x00000266b8cf1994 method=java.util.ImmutableCollections$SetN.probe(Ljava/lang/Object;)I @ 34 c2
Event: 0.442 Thread 0x00000266ad7df7b0 DEOPT PACKING pc=0x00000266b8cf1994 sp=0x00000076f5efea20
Event: 0.442 Thread 0x00000266ad7df7b0 DEOPT UNPACKING pc=0x00000266b124e42f sp=0x00000076f5efe968 mode 2
Event: 0.444 Thread 0x00000266ad7df7b0 Uncommon trap: trap_request=0xffffff45 fr.pc=0x00000266b8ce6ef4 relative=0x0000000000000454
Event: 0.444 Thread 0x00000266ad7df7b0 Uncommon trap: reason=unstable_if action=reinterpret pc=0x00000266b8ce6ef4 method=java.lang.StringLatin1.newString([BII)Ljava/lang/String; @ 1 c2
Event: 0.444 Thread 0x00000266ad7df7b0 DEOPT PACKING pc=0x00000266b8ce6ef4 sp=0x00000076f5efe810
Event: 0.444 Thread 0x00000266ad7df7b0 DEOPT UNPACKING pc=0x00000266b124e42f sp=0x00000076f5efe770 mode 2
Event: 0.444 Thread 0x00000266ad7df7b0 Uncommon trap: trap_request=0xffffff45 fr.pc=0x00000266b8ce3018 relative=0x0000000000000378
Event: 0.444 Thread 0x00000266ad7df7b0 Uncommon trap: reason=unstable_if action=reinterpret pc=0x00000266b8ce3018 method=java.lang.StringLatin1.newString([BII)Ljava/lang/String; @ 1 c2
Event: 0.444 Thread 0x00000266ad7df7b0 DEOPT PACKING pc=0x00000266b8ce3018 sp=0x00000076f5efe790
Event: 0.444 Thread 0x00000266ad7df7b0 DEOPT UNPACKING pc=0x00000266b124e42f sp=0x00000076f5efe770 mode 2

Classes unloaded (0 events):
No events

Classes redefined (0 events):
No events

Internal exceptions (7 events):
Event: 0.244 Thread 0x00000266ad7df7b0 Exception <a 'sun/nio/fs/WindowsException'{0x000000008abd3d48}> (0x000000008abd3d48) 
thrown [./open/src/hotspot/share/prims/jni.cpp, line 578]
Event: 0.244 Thread 0x00000266ad7df7b0 Exception <a 'sun/nio/fs/WindowsException'{0x000000008abd41d8}> (0x000000008abd41d8) 
thrown [./open/src/hotspot/share/prims/jni.cpp, line 578]
Event: 0.522 Thread 0x00000266ad7df7b0 Exception <a 'java/lang/NoSuchMethodError'{0x000000008a587308}: 'void java.lang.invoke.DirectMethodHandle$Holder.invokeSpecial(java.lang.Object, java.lang.Object, java.lang.Object)'> (0x000000008a587308) 
thrown [./open/src/hotspot/share/interpreter/linkResolver.cpp, line 782]
Event: 0.570 Thread 0x00000266ad7df7b0 Exception <a 'java/lang/ClassNotFoundException'{0x000000008a457078}: sun/awt/resources/spi/awtProvider> (0x000000008a457078) 
thrown [./open/src/hotspot/share/classfile/systemDictionary.cpp, line 295]
Event: 0.611 Thread 0x00000266ad7df7b0 Exception <a 'java/io/FileNotFoundException'{0x000000008a4ad1a0}> (0x000000008a4ad1a0) 
thrown [./open/src/hotspot/share/prims/jni.cpp, line 578]
Event: 0.625 Thread 0x00000266ad7df7b0 Exception <a 'java/io/FileNotFoundException'{0x000000008a4dbdf0}> (0x000000008a4dbdf0) 
thrown [./open/src/hotspot/share/prims/jni.cpp, line 578]
Event: 0.625 Thread 0x00000266ad7df7b0 Exception <a 'java/lang/NoSuchMethodError'{0x000000008a4dd028}: 'java.lang.Object java.lang.invoke.DirectMethodHandle$Holder.invokeStatic(java.lang.Object)'> (0x000000008a4dd028) 
thrown [./open/src/hotspot/share/interpreter/linkResolver.cpp, line 782]

Events (20 events):
Event: 0.698 loading class java/util/Formatter$Flags
Event: 0.698 loading class java/util/Formatter$Flags done
Event: 0.698 loading class java/util/Formatter$Conversion
Event: 0.699 loading class java/util/Formatter$Conversion done
Event: 0.699 loading class java/util/Formatter$FixedString
Event: 0.700 loading class java/util/Formatter$FixedString done
Event: 0.700 loading class jdk/internal/math/FormattedFloatingDecimal$Form
Event: 0.700 loading class jdk/internal/math/FormattedFloatingDecimal$Form done
Event: 0.700 loading class jdk/internal/math/FormattedFloatingDecimal
Event: 0.701 loading class jdk/internal/math/FormattedFloatingDecimal done
Event: 0.701 loading class jdk/internal/math/FormattedFloatingDecimal$1
Event: 0.701 loading class jdk/internal/math/FormattedFloatingDecimal$1 done
Event: 0.701 loading class jdk/internal/math/FormattedFloatingDecimal$2
Event: 0.701 loading class jdk/internal/math/FormattedFloatingDecimal$2 done
Event: 0.703 loading class java/awt/ComponentOrientation
Event: 0.703 loading class java/awt/ComponentOrientation done
Event: 0.703 loading class java/awt/Component$3
Event: 0.703 loading class java/awt/Component$3 done
Event: 0.704 loading class java/util/StringJoiner
Event: 0.704 loading class java/util/StringJoiner done


Dynamic libraries:
0x00007ff762c60000 - 0x00007ff762c6d000 	C:\Users\admin\.p2\pool\plugins\org.eclipse.justj.openjdk.hotspot.jre.full.win32.x86_64_15.0.2.v20210201-0955\jre\bin\javaw.exe
0x00007ff83edd0000 - 0x00007ff83efc5000 	C:\WINDOWS\SYSTEM32\ntdll.dll
0x00007ff83e2c0000 - 0x00007ff83e37d000 	C:\WINDOWS\System32\KERNEL32.DLL
0x00007ff83c710000 - 0x00007ff83c9d8000 	C:\WINDOWS\System32\KERNELBASE.dll
0x00007ff83c560000 - 0x00007ff83c660000 	C:\WINDOWS\System32\ucrtbase.dll
0x00007ff832620000 - 0x00007ff832639000 	C:\Users\admin\.p2\pool\plugins\org.eclipse.justj.openjdk.hotspot.jre.full.win32.x86_64_15.0.2.v20210201-0955\jre\bin\VCRUNTIME140.dll
0x00007ff82a6d0000 - 0x00007ff82a6e8000 	C:\Users\admin\.p2\pool\plugins\org.eclipse.justj.openjdk.hotspot.jre.full.win32.x86_64_15.0.2.v20210201-0955\jre\bin\jli.dll
0x00007ff83d0c0000 - 0x00007ff83d260000 	C:\WINDOWS\System32\USER32.dll
0x00007ff83c660000 - 0x00007ff83c682000 	C:\WINDOWS\System32\win32u.dll
0x00007ff8294f0000 - 0x00007ff82978a000 	C:\WINDOWS\WinSxS\amd64_microsoft.windows.common-controls_6595b64144ccf1df_6.0.19041.844_none_ca00b6081b84eb1d\COMCTL32.dll
0x00007ff83e290000 - 0x00007ff83e2ba000 	C:\WINDOWS\System32\GDI32.dll
0x00007ff83d8f0000 - 0x00007ff83d98e000 	C:\WINDOWS\System32\msvcrt.dll
0x00007ff83cbe0000 - 0x00007ff83cceb000 	C:\WINDOWS\System32\gdi32full.dll
0x00007ff83cb40000 - 0x00007ff83cbdd000 	C:\WINDOWS\System32\msvcp_win.dll
0x00007ff83d7a0000 - 0x00007ff83d7d0000 	C:\WINDOWS\System32\IMM32.DLL
0x00007ff830a50000 - 0x00007ff830a5c000 	C:\Users\admin\.p2\pool\plugins\org.eclipse.justj.openjdk.hotspot.jre.full.win32.x86_64_15.0.2.v20210201-0955\jre\bin\vcruntime140_1.dll
0x00007ff8172c0000 - 0x00007ff817351000 	C:\Users\admin\.p2\pool\plugins\org.eclipse.justj.openjdk.hotspot.jre.full.win32.x86_64_15.0.2.v20210201-0955\jre\bin\msvcp140.dll
0x00007fffdff90000 - 0x00007fffe0aee000 	C:\Users\admin\.p2\pool\plugins\org.eclipse.justj.openjdk.hotspot.jre.full.win32.x86_64_15.0.2.v20210201-0955\jre\bin\server\jvm.dll
0x00007ff83d010000 - 0x00007ff83d0bc000 	C:\WINDOWS\System32\ADVAPI32.dll
0x00007ff83cf70000 - 0x00007ff83d00b000 	C:\WINDOWS\System32\sechost.dll
0x00007ff83d990000 - 0x00007ff83dabb000 	C:\WINDOWS\System32\RPCRT4.dll
0x00007ff83d720000 - 0x00007ff83d728000 	C:\WINDOWS\System32\PSAPI.DLL
0x00007ff827a40000 - 0x00007ff827a67000 	C:\WINDOWS\SYSTEM32\WINMM.dll
0x00007ff837ff0000 - 0x00007ff837ff9000 	C:\WINDOWS\SYSTEM32\WSOCK32.dll
0x00007ff832f20000 - 0x00007ff832f2a000 	C:\WINDOWS\SYSTEM32\VERSION.dll
0x00007ff83d730000 - 0x00007ff83d79b000 	C:\WINDOWS\System32\WS2_32.dll
0x00007ff83a3d0000 - 0x00007ff83a3e2000 	C:\WINDOWS\SYSTEM32\kernel.appcore.dll
0x00007ff833d90000 - 0x00007ff833d9a000 	C:\Users\admin\.p2\pool\plugins\org.eclipse.justj.openjdk.hotspot.jre.full.win32.x86_64_15.0.2.v20210201-0955\jre\bin\jimage.dll
0x00007ff839ca0000 - 0x00007ff839e84000 	C:\WINDOWS\SYSTEM32\DBGHELP.DLL
0x00007ff822930000 - 0x00007ff82295c000 	C:\WINDOWS\SYSTEM32\dbgcore.DLL
0x00007ff83c690000 - 0x00007ff83c710000 	C:\WINDOWS\System32\bcryptPrimitives.dll
0x00007ff827c80000 - 0x00007ff827ca5000 	C:\Users\admin\.p2\pool\plugins\org.eclipse.justj.openjdk.hotspot.jre.full.win32.x86_64_15.0.2.v20210201-0955\jre\bin\java.dll
0x00007ff8326c0000 - 0x00007ff8326d8000 	C:\Users\admin\.p2\pool\plugins\org.eclipse.justj.openjdk.hotspot.jre.full.win32.x86_64_15.0.2.v20210201-0955\jre\bin\zip.dll
0x00007ff83e520000 - 0x00007ff83ec62000 	C:\WINDOWS\System32\SHELL32.dll
0x00007ff83a5f0000 - 0x00007ff83ad80000 	C:\WINDOWS\SYSTEM32\windows.storage.dll
0x00007ff83d3c0000 - 0x00007ff83d715000 	C:\WINDOWS\System32\combase.dll
0x00007ff83bf50000 - 0x00007ff83bf7c000 	C:\WINDOWS\SYSTEM32\Wldp.dll
0x00007ff83e470000 - 0x00007ff83e51e000 	C:\WINDOWS\System32\SHCORE.dll
0x00007ff83ed00000 - 0x00007ff83ed55000 	C:\WINDOWS\System32\shlwapi.dll
0x00007ff83c420000 - 0x00007ff83c43f000 	C:\WINDOWS\SYSTEM32\profapi.dll
0x00007ff827c60000 - 0x00007ff827c79000 	C:\Users\admin\.p2\pool\plugins\org.eclipse.justj.openjdk.hotspot.jre.full.win32.x86_64_15.0.2.v20210201-0955\jre\bin\net.dll
0x00007ff837930000 - 0x00007ff837a3b000 	C:\WINDOWS\SYSTEM32\WINHTTP.dll
0x00007ff83bcc0000 - 0x00007ff83bd2a000 	C:\WINDOWS\system32\mswsock.dll
0x00007ff827c40000 - 0x00007ff827c52000 	C:\Users\admin\.p2\pool\plugins\org.eclipse.justj.openjdk.hotspot.jre.full.win32.x86_64_15.0.2.v20210201-0955\jre\bin\nio.dll
0x00007ff812690000 - 0x00007ff81280f000 	C:\Users\admin\.p2\pool\plugins\org.eclipse.justj.openjdk.hotspot.jre.full.win32.x86_64_15.0.2.v20210201-0955\jre\bin\awt.dll
0x00007ff83e0e0000 - 0x00007ff83e1ad000 	C:\WINDOWS\System32\OLEAUT32.dll
0x00007ff839990000 - 0x00007ff839a20000 	C:\WINDOWS\SYSTEM32\apphelp.dll

dbghelp: loaded successfully - version: 4.0.5 - missing functions: none
symbol engine: initialized successfully - sym options: 0x614 - pdb path: .;C:\Users\admin\.p2\pool\plugins\org.eclipse.justj.openjdk.hotspot.jre.full.win32.x86_64_15.0.2.v20210201-0955\jre\bin;C:\WINDOWS\SYSTEM32;C:\WINDOWS\WinSxS\amd64_microsoft.windows.common-controls_6595b64144ccf1df_6.0.19041.844_none_ca00b6081b84eb1d;C:\Users\admin\.p2\pool\plugins\org.eclipse.justj.openjdk.hotspot.jre.full.win32.x86_64_15.0.2.v20210201-0955\jre\bin\server

VM Arguments:
jvm_args: --module-path=E:\Education\OOLTheory\javafx-sdk-16\lib --add-modules=javafx.controls,javafx.fxml,javafx.base,javafx.swing -Dfile.encoding=Cp1252 -XX:+ShowCodeDetailsInExceptionMessages 
java_command: hust.soict.globalict.aims.screen.CartScreen
java_class_path (initial): E:\Education\OOLT.ICT.20202.20194772.ToXuanHung\lab10\AimsProject\bin;E:\Education\OOLTheory\javafx-sdk-16\lib\javafx.base.jar;E:\Education\OOLTheory\javafx-sdk-16\lib\javafx.controls.jar;E:\Education\OOLTheory\javafx-sdk-16\lib\javafx.fxml.jar;E:\Education\OOLTheory\javafx-sdk-16\lib\javafx.graphics.jar;E:\Education\OOLTheory\javafx-sdk-16\lib\javafx.media.jar;E:\Education\OOLTheory\javafx-sdk-16\lib\javafx.swing.jar;E:\Education\OOLTheory\javafx-sdk-16\lib\javafx.web.jar;E:\Education\OOLTheory\javafx-sdk-16\lib\javafx-swt.jar
Launcher Type: SUN_STANDARD

[Global flags]
     intx CICompilerCount                          = 4                                         {product} {ergonomic}
     uint ConcGCThreads                            = 2                                         {product} {ergonomic}
     uint G1ConcRefinementThreads                  = 8                                         {product} {ergonomic}
   size_t G1HeapRegionSize                         = 1048576                                   {product} {ergonomic}
    uintx GCDrainStackTargetSize                   = 64                                        {product} {ergonomic}
   size_t InitialHeapSize                          = 132120576                                 {product} {ergonomic}
   size_t MarkStackSize                            = 4194304                                   {product} {ergonomic}
   size_t MaxHeapSize                              = 2099249152                                {product} {ergonomic}
   size_t MaxNewSize                               = 1259339776                                {product} {ergonomic}
   size_t MinHeapDeltaBytes                        = 1048576                                   {product} {ergonomic}
   size_t MinHeapSize                              = 8388608                                   {product} {ergonomic}
    uintx NonNMethodCodeHeapSize                   = 5839372                                {pd product} {ergonomic}
    uintx NonProfiledCodeHeapSize                  = 122909434                              {pd product} {ergonomic}
    uintx ProfiledCodeHeapSize                     = 122909434                              {pd product} {ergonomic}
    uintx ReservedCodeCacheSize                    = 251658240                              {pd product} {ergonomic}
     bool SegmentedCodeCache                       = true                                      {product} {ergonomic}
     bool ShowCodeDetailsInExceptionMessages       = true                                   {manageable} {command line}
   size_t SoftMaxHeapSize                          = 2099249152                             {manageable} {ergonomic}
     bool UseCompressedClassPointers               = true                                 {lp64_product} {ergonomic}
     bool UseCompressedOops                        = true                                 {lp64_product} {ergonomic}
     bool UseG1GC                                  = true                                      {product} {ergonomic}
     bool UseLargePagesIndividualAllocation        = false                                  {pd product} {ergonomic}

Logging:
Log output configuration:
 #0: stdout all=warning uptime,level,tags
 #1: stderr all=off uptime,level,tags

Environment Variables:
JAVA_HOME=C:\Program Files\Java\jdk1.8.0_281
PATH=C:/Users/admin/.p2/pool/plugins/org.eclipse.justj.openjdk.hotspot.jre.full.win32.x86_64_15.0.2.v20210201-0955/jre/bin/server;C:/Users/admin/.p2/pool/plugins/org.eclipse.justj.openjdk.hotspot.jre.full.win32.x86_64_15.0.2.v20210201-0955/jre/bin;C:\Program Files\Common Files\Oracle\Java\javapath;C:\Program Files (x86)\Common Files\Oracle\Java\javapath;C:\Users\admin\AppData\Local\Programs\Microsoft VS Code\bin;C:\Users\admin\AppData\Local\GitHubDesktop\bin;C:\Users\admin\OneDrive\Documents\CMake\bin;C:\MinGW\bin;C:\Users\admin\Downloads;C:\Program Files\Java\jdk1.8.0_281\bin;C:\Program Files\Git\cmd;C:\windows\system32;;C:\Program Files\Docker\Docker\resources\bin;C:\ProgramData\DockerDesktop\version-bin;C:\Program Files (x86)\Dev-Cpp\MinGW64\bin;C:\Users\admin\AppData\Local\Microsoft\WindowsApps;C:\Users\admin\AppData\Local\Programs\Microsoft VS Code\bin;C:\Users\admin\AppData\Local\GitHubDesktop\bin;C:\Users\admin\Downloads;C:\Program Files\Java\jdk1.8.0_281\bin;;C:\WINDOWS\system32;
USERNAME=admin
OS=Windows_NT
PROCESSOR_IDENTIFIER=Intel64 Family 6 Model 142 Stepping 12, GenuineIntel



---------------  S Y S T E M  ---------------

OS:
 Windows 10 , 64 bit Build 19041 (10.0.19041.928)
OS uptime: 0 days 12:50 hours
HyperV virtualization detected

CPU: total 8 (initial active 8) (4 cores per cpu, 2 threads per core) family 6 model 142 stepping 12 microcode 0xde, cmov, cx8, fxsr, mmx, sse, sse2, sse3, ssse3, sse4.1, sse4.2, popcnt, vzeroupper, avx, avx2, aes, clmul, erms, 3dnowpref, lzcnt, ht, tsc, tscinvbit, bmi1, bmi2, adx, fma, clflush, clflushopt

Memory: 4k page, system-wide physical 8006M (1006M free)
TotalPageFile size 18390M (AvailPageFile size 6M)
current process WorkingSet (physical memory assigned to process): 67M, peak: 67M
current process commit charge ("private bytes"): 228M, peak: 229M

vm_info: OpenJDK 64-Bit Server VM (15.0.2+7-27) for windows-amd64 JRE (15.0.2+7-27), built on Dec  7 2020 20:02:38 by "mach5one" with unknown MS VC++:1925

END.
